C51 COMPILER V9.54   TIMER                                                                 05/10/2023 22:22:28 PAGE 1   


C51 COMPILER V9.54, COMPILATION OF MODULE TIMER
OBJECT MODULE PLACED IN .\Objects\timer.obj
COMPILER INVOKED BY: D:\keil5\C51\BIN\C51.EXE ..\HARDWARE\timer\timer.c OPTIMIZE(8,SPEED) BROWSE INCDIR(..\HARDWARE\ad;.
                    -.\HARDWARE\ds1302;..\HARDWARE\key;..\HARDWARE\lcd12864;..\HARDWARE\timer;..\SYSTEM\sys) DEBUG OBJECTEXTEND PRINT(.\Listi
                    -ngs\timer.lst) TABS(2) OBJECT(.\Objects\timer.obj)

line level    source

   1          #include "sys.h"
   2          #include "timer.h"
   3          #include "stc15f2k60s2.h"
   4          #include "ad.h"
   5          
   6          
   7          //定制器和步进电机控制代码
   8          
   9          
  10          u16 TimerCount = 0;
  11          u8  PulseNum = 0;     //脉冲计数
  12          u8  MoterCount = 0;   //步进电机控制计数
  13          u16 AdcCount = 0 ;    //adc采样计数
  14          u16 WaiteTimeCount = 0; //静止状态等待时间计数
  15          
  16          extern u8 MoterSpeed; //定制器2控制步进电机转速
  17          extern u8 AdcFlag ;   //adc采样标志
  18          extern u16 ad;      //ADC采样值
  19          
  20          
  21          
  22          
  23          // 步进电机逆时针旋转相序表
  24          u8 code CCW[8]={0x08,0x0c,0x04,0x06,0x02,0x03,0x01,0x09};
  25          
  26          // 步进电机四相的引脚定义
  27          sbit A1 = P1^1;
  28          sbit B1 = P1^2;
  29          sbit C1 = P1^3;
  30          sbit D1 = P1^4;
  31          
  32          // 给步进电机每个相赋值
  33          void Give(unsigned char dat)
  34          {
  35   1        A1 = dat & 0x08;
  36   1        B1 = dat & 0x04;
  37   1        C1 = dat & 0x02;
  38   1        D1 = dat & 0x01;
  39   1      }
  40          
  41          
  42          
  43          //定时器0初始化
  44          void Timer0Init(void)//10毫秒@24.000MHz
  45          {
  46   1        AUXR &= 0x7F; //定时器时钟12T模式
  47   1        TMOD &= 0xF0; //设置定时器模式
  48   1        TL0 = 0xE0;   //设置定时初值
  49   1        TH0 = 0xB1;   //设置定时初值
  50   1        TF0 = 0;    //清除TF0标志
  51   1        TR0 = 1;    //定时器0开始计时
  52   1      }
  53          
C51 COMPILER V9.54   TIMER                                                                 05/10/2023 22:22:28 PAGE 2   

  54          //定时器2初始化
  55          void Timer2Init(void)//250微秒@24.000MHz
  56          {
  57   1        AUXR &= 0xFB; //定时器时钟12T模式
  58   1        T2L = 0x0C;   //设置定时初值
  59   1        T2H = 0xFE;   //设置定时初值
  60   1        AUXR |= 0x10; //定时器2开始计时
  61   1      }
  62          
  63          
  64          
  65          
  66          
  67          
  68          void tm0() interrupt 1 using 1 //定时器0中断
  69          {
  70   1        
  71   1        WaiteTimeCount ++ ;          //10毫秒加一
  72   1      
  73   1      }
  74          
  75          
  76            
  77          
  78          
  79          void tm2() interrupt 12  //定时器2中断
  80          {
  81   1      #if DRIVING_SIMULATION  
                
                TimerCount ++ ;     //定时器2脉冲模拟效果
                if(TimerCount>4000) //定时超过 1秒
                {   
                  PulseNum ++ ;
                  TimerCount = 0;
                }
                
              #else
  91   1        
  92   1        TimerCount ++ ;   
  93   1        if(TimerCount >MoterSpeed)   //定时超过  MoterSpeed为步进电机速度控制
  94   1        {
  95   2          MoterCount ++ ;       
  96   2          TimerCount = 0;   
  97   2          Give(CCW[MoterCount%8]); //控制电机
  98   2        } 
  99   1        if( MoterCount%64==63 )      //定时ADC采样标志位
 100   1        {
 101   2          MoterCount = 0;   
 102   2          AdcFlag = 1;
 103   2        } 
 104   1        
 105   1      #endif  
 106   1          
 107   1      }
 108          
 109          


MODULE INFORMATION:   STATIC OVERLAYABLE
   CODE SIZE        =    135    ----
   CONSTANT SIZE    =      8    ----
   XDATA SIZE       =   ----    ----
C51 COMPILER V9.54   TIMER                                                                 05/10/2023 22:22:28 PAGE 3   

   PDATA SIZE       =   ----    ----
   DATA SIZE        =      8    ----
   IDATA SIZE       =   ----    ----
   BIT SIZE         =   ----    ----
END OF MODULE INFORMATION.


C51 COMPILATION COMPLETE.  0 WARNING(S),  0 ERROR(S)
