C51 COMPILER V9.59.0.0   MAIN                                                              04/11/2021 12:11:52 PAGE 1   


C51 COMPILER V9.59.0.0, COMPILATION OF MODULE MAIN
OBJECT MODULE PLACED IN ..\OBJ\main.obj
COMPILER INVOKED BY: C:\Keil_v5\C51\BIN\C51.EXE main.c OPTIMIZE(8,SPEED) BROWSE INCDIR(..\USER;..\README;..\HARDWARE\lcd
                    -12864;..\SYSTEM\delay;..\SYSTEM\sys;..\HARDWARE\key;..\HARDWARE\motor;..\HARDWARE\timer) DEBUG OBJECTEXTEND TABS(2) OBJE
                    -CT(..\OBJ\main.obj)

line level    source

   1          #include "stc15f2k60s2.h"
   2          #include <intrins.h>
   3          #include "sys.h"
   4          #include "lcd12864.h"
   5          #include "key.h"
   6          #include "motor.h"
   7          #include "timer.h"
   8          
   9          u8 code CharCodeLine1[]="ZNDTKZQ";  //第一行显示字符
  10          u8 code CharCodeLine2[]="0208";     //第二行显示字符
  11          u8 code FloorNum[]="Floor:5";       //默认在5楼
  12          u8 code PRESSFloorNum[]="1x2x3x4x5x6x7x8x"; //被按下显示的楼层号 
  13          u8 code PRESS9FloorNum[]="9x";
  14          
  15                                  // 8 7 6 5 4 3 2 1   楼
  16          u8 PressFloorValue = 0; // 0 0 0 0 0 0 0 0      0未按下，1按下    //被按下的楼号
  17          u8 Floor9Value = 0;    //是否有人按九楼
  18          u8 CurrentFloor = 1 ;  //当前楼层号，默认在5楼
  19          u8 LiftDirection = 2;  //0停止 1上升 2下降
  20          u8 DesFloor = 0;  //目的地楼层 0为无效值
  21          
  22          extern u8 KeyCode;  //按键键值
  23          extern u8 speed;    //步进电机速度
  24          extern u16 TimerCount ; //定时器计数
  25          extern u8 GoTo5FloorFlag;  //电梯是否空闲去5楼标志位
  26          
  27          
  28          sbit beep=P5^5;   // 蜂鸣器定义
  29          sbit led=P5^3;  
  30          sbit relay=P5^2;
  31          
  32          
  33          
  34          void IO_init(void)  //IO口初始化
  35          {
  36   1        P0M0 = 0X00;  P0M1 = 0X00;  //IO配置为准双向IO口 
  37   1        P1M0 = 0X00;  P1M1 = 0X00;
  38   1        P2M0 = 0X00;  P2M1 = 0X00;
  39   1        P3M0 = 0X00;  P3M1 = 0X00;
  40   1        P4M0 = 0X00;  P4M1 = 0X00;    
  41   1        P5M0 = 0X00;  P5M1 = 0X00;    
  42   1        P6M0 = 0X00;  P6M1 = 0X00;    
  43   1        P7M0 = 0X00;  P7M1 = 0X00;  
  44   1        
  45   1        //设置推挽输出
  46   1        P2M1 &= ~(1<<2),P2M0 |=  (1<<2); //12864LCD设置
  47   1        P2M1 &= ~(1<<1),P2M0 |=  (1<<1); 
  48   1        P2M1 &= ~(1<<0),P2M0 |=  (1<<0); 
  49   1        P1M1 &= ~(1<<3),P1M0 |=  (1<<3); //步进电机
  50   1        P1M1 &= ~(1<<4),P1M0 |=  (1<<4); 
  51   1        P1M1 &= ~(1<<1),P1M0 |=  (1<<1); 
  52   1        P1M1 &= ~(1<<2),P1M0 |=  (1<<2); 
  53   1        P5M1 &= ~(1<<5),P5M0 |=  (1<<5); //蜂鸣器
C51 COMPILER V9.59.0.0   MAIN                                                              04/11/2021 12:11:52 PAGE 2   

  54   1        P5M1 &= ~(1<<2),P5M0 |=  (1<<2); //继电器
  55   1      }
  56          
  57          
  58          void Roll(void)  //卷动显示两行字
  59          { 
  60   1        uchar i;
  61   1        
  62   1        //为显示上半屏第一行字符做准备，地址0xa0  详细参考文章：https://wenku.baidu.com/view/375ec764cc22bcd127ff
             -0c9a.html  
  63   1        LCD12864_WriteCmd(0xa0);  
  64   1        while(CharCodeLine1[i]!='\0')
  65   1        {
  66   2          LCD12864_WriteData(CharCodeLine1[i]);
  67   2          i++;
  68   2        }
  69   1        i=0;
  70   1        //为显示上半屏第二行字符做准备，地址0xb0    
  71   1        LCD12864_WriteCmd(0xb0);    
  72   1        while(CharCodeLine2[i]!='\0')
  73   1        {
  74   2          LCD12864_WriteData(CharCodeLine2[i]);
  75   2          i++;
  76   2        }
  77   1        
  78   1          for(i=0;i<33;i++)   //上半屏卷动显示
  79   1        {
  80   2            LCD12864_VerticalRoll(i);
  81   2            Delay100ms();    //每行高16个像素，两行32像素，0.1秒卷动1像素，两行字显示结束共需要3.2秒
  82   2        }
  83   1        
  84   1        LCD12864_WriteCmd(0x30);   //恢复基本指令集
  85   1      
  86   1      }
  87          
  88          void KeySetLiftUpDownValue(void)  //更新PressFloorValue并显示被按下的楼层号信息
  89          {
  90   1        if(KeyCode >0)
  91   1        {
  92   2          TimerCount = 0;   //有按键被按下，定时器就重新开始计数
  93   2        } 
  94   1        
  95   1        if(KeyCode ==1) 
  96   1          {     
  97   2            PressFloorValue|=0x01;  
  98   2            LCD12864_WriteCmd(0x88);  
  99   2            LCD12864_WriteData('1');
 100   2            LCD12864_WriteData('o');
 101   2          
 102   2          }
 103   1          else if(KeyCode ==2)  
 104   1          {
 105   2            PressFloorValue|=0x02;  
 106   2            LCD12864_WriteCmd(0x89);  
 107   2            LCD12864_WriteData('2');
 108   2            LCD12864_WriteData('o');
 109   2            
 110   2          }
 111   1          else if(KeyCode ==3)  
 112   1          {
 113   2            PressFloorValue|=0x04;  
 114   2            LCD12864_WriteCmd(0x8a);  
C51 COMPILER V9.59.0.0   MAIN                                                              04/11/2021 12:11:52 PAGE 3   

 115   2            LCD12864_WriteData('3');
 116   2            LCD12864_WriteData('o');
 117   2          }
 118   1          else if(KeyCode ==4)  
 119   1          {
 120   2            PressFloorValue|=0x08;  
 121   2            LCD12864_WriteCmd(0x8b);  
 122   2            LCD12864_WriteData('4');
 123   2            LCD12864_WriteData('o');
 124   2          }
 125   1          else if(KeyCode ==5)  
 126   1          {
 127   2            PressFloorValue|=0x10;
 128   2            LCD12864_WriteCmd(0x8c);  
 129   2            LCD12864_WriteData('5');
 130   2            LCD12864_WriteData('o');      
 131   2          }
 132   1          else if(KeyCode ==6)  
 133   1          {
 134   2            PressFloorValue|=0x20;  
 135   2            LCD12864_WriteCmd(0x8d);  
 136   2            LCD12864_WriteData('6');
 137   2            LCD12864_WriteData('o');
 138   2          }
 139   1          else if(KeyCode ==7)  
 140   1          {
 141   2            
 142   2            PressFloorValue|=0x40;
 143   2            LCD12864_WriteCmd(0x8e);  
 144   2            LCD12864_WriteData('7');
 145   2            LCD12864_WriteData('o');
 146   2          }
 147   1          else if(KeyCode ==8)  
 148   1          {
 149   2            PressFloorValue|=0x80;
 150   2            LCD12864_WriteCmd(0x8f);  
 151   2            LCD12864_WriteData('8');
 152   2            LCD12864_WriteData('o');
 153   2          }
 154   1          else if(KeyCode ==9)  //有人按九楼
 155   1          {
 156   2            Floor9Value = 1;  
 157   2            LCD12864_WriteCmd(0x98);  
 158   2            LCD12864_WriteData('9');
 159   2            LCD12864_WriteData('o');
 160   2          }
 161   1        
 162   1          KeyCode=0;
 163   1      
 164   1      }
 165          
 166          void GoToFloor(u8 num)   //从当前楼层抵达num指定楼层
 167          {
 168   1        u8 i,n; 
 169   1        
 170   1        beep=0;   //声光提示  //运行的声光提示，每层运行时都提示！
 171   1        led=0;
 172   1        Delay100ms();
 173   1        beep=1;   
 174   1        led=1;  
 175   1              
 176   1      
C51 COMPILER V9.59.0.0   MAIN                                                              04/11/2021 12:11:52 PAGE 4   

 177   1        n=CurrentFloor;   
 178   1        
 179   1        if(num<CurrentFloor)
 180   1        {     
 181   2            for(i=0;i<(n-num);i++)
 182   2            {
 183   3              MotorCCWRound(1);
 184   3              LCD12864_WriteCmd(0x93);  //显示当前楼层数  
 185   3              CurrentFloor--;
 186   3              LCD12864_WriteData(CurrentFloor+0x30);  
 187   3            }
 188   2        }
 189   1        else 
 190   1        {
 191   2          for(i=0;i<(num-n);i++)
 192   2            {
 193   3              MotorCWRound(1);
 194   3              LCD12864_WriteCmd(0x93);  //显示当前楼层数  
 195   3              CurrentFloor++;
 196   3              LCD12864_WriteData(CurrentFloor+0x30);  
 197   3            }     
 198   2        
 199   2        }           
 200   1      
 201   1          PressFloorValue&=(~(0x01<<(num-1))); //清除目的地楼层被按下信息   
 202   1          LCD12864_SetWindow(0,0);
 203   1          LCD12864_WriteData(PressFloorValue+0x30); //调试信息
 204   1          LCD12864_WriteCmd(0x87+num);       //并更新显示
 205   1          LCD12864_WriteData(num+0x30);       
 206   1          LCD12864_WriteData('x');
 207   1        
 208   1        
 209   1          CurrentFloor = num; //更新当前楼层
 210   1          //LiftDirection=0;  //这里不能设置为停止状态，只有一个方向到底并没有楼层被按下的时候
 211   1      
 212   1      }
 213          
 214          
 215          void main(void)  //主函数
 216          { 
 217   1        u8 i,n,j; 
 218   1      
 219   1        IO_init();         //IO口初始化   
 220   1        LCD12864_Init();   //12864液晶初始化    
 221   1        MotorStop();       //停止步进电机
 222   1        beep=1;            //关蜂鸣器     
 223   1        relay=1;           //关门
 224   1        led=1;             //关灯
 225   1        
 226   1        Roll();            //卷动显示两行字
 227   1        Delay100ms(); 
 228   1        LCD12864_WriteCmd(0x01); //清除LCD12864的显示内容 
 229   1        
 230   1        LCD12864_SetWindow(1,0); //第二行显示当前楼层号
 231   1        while(FloorNum[i]!='\0')
 232   1        {
 233   2          LCD12864_WriteData(FloorNum[i]);
 234   2          i++;
 235   2        }
 236   1        i=0;  
 237   1        
 238   1        LCD12864_WriteCmd(0x88); //第三行显示被按下的楼层号 初始值显示
C51 COMPILER V9.59.0.0   MAIN                                                              04/11/2021 12:11:52 PAGE 5   

 239   1        while(PRESSFloorNum[i]!='\0')  
 240   1        {
 241   2          LCD12864_WriteData(PRESSFloorNum[i]);
 242   2          i++;
 243   2        }
 244   1        i=0;
 245   1        LCD12864_WriteCmd(0x98); //第四行显示九楼是否被按下的楼层号  
 246   1        LCD12864_WriteData('9');
 247   1        LCD12864_WriteData('x');
 248   1        
 249   1        Timer0Init();   //定时器初始化并开启中断    
 250   1      
 251   1        LCD12864_WriteCmd(0x93);  //显示当前楼层数       
 252   1        LCD12864_WriteData(CurrentFloor+0x30);  
 253   1        
 254   1          
 255   1        while(1)  
 256   1        {
 257   2      
 258   2            for (i=0;i<16;i++)    //直接检测16次按键
 259   2            {
 260   3              IO_KeyScan();            //按键扫描 检测按键  
 261   3              KeySetLiftUpDownValue(); //更新PressFloorValue并显示被按下的楼层号信息    xo显示
 262   3            } 
 263   2          
 264   2          if((GoTo5FloorFlag==1)&&(CurrentFloor!=5)&&((LiftDirection==0)) ) //当电梯空闲时运行到5楼
 265   2          {
 266   3            if(CurrentFloor>5)
 267   3            {
 268   4              LiftDirection=2; //电梯下行
 269   4            }
 270   3            else
 271   3            {
 272   4              LiftDirection=1; //电梯上行
 273   4            }
 274   3            
 275   3            GoTo5FloorFlag = 0; 
 276   3            DesFloor = 5 ;        //目标楼层赋值5 
 277   3            LCD12864_SetWindow(0,0);//调试信息        
 278   3            LCD12864_WriteData(DesFloor+0x30);//第一行显示 调试信息 目的楼层号        
 279   3            GoToFloor(DesFloor);  //电梯运行到5楼
 280   3            
 281   3          }   
 282   2          
 283   2          
 284   2          //-------------------电梯控制逻辑处理部分-----------------------
 285   2          
 286   2          if((PressFloorValue>0)||(Floor9Value>0) )  //楼层按键有被按下    LiftDirection赋值策略     
 287   2          {     
 288   3            
 289   3            if((LiftDirection==0)&&(PressFloorValue<(0x01<<(CurrentFloor-1)))&&(PressFloorValue>0))    //当前停止状
             -态 当前楼层数以下的楼层有被按下 优先下行  0001 0000
 290   3            {
 291   4            LiftDirection = 2;  //下行
 292   4            LCD12864_SetWindow(0,0);//调试信息
 293   4            LCD12864_WriteData('D');  
 294   4            }
 295   3            else if((LiftDirection==0)&&(PressFloorValue>(0x01<<(CurrentFloor-1)))&&(PressFloorValue>0))
 296   3            {
 297   4            LiftDirection = 1;  //上行
 298   4            LCD12864_SetWindow(0,0);//调试信息
 299   4            LCD12864_WriteData('U');
C51 COMPILER V9.59.0.0   MAIN                                                              04/11/2021 12:11:52 PAGE 6   

 300   4            }
 301   3              
 302   3          }   
 303   2          
 304   2            if((LiftDirection==2)&&(PressFloorValue>0) ) //当前下行状态    DesFloor赋值策略
 305   2            { 
 306   3              for(j=1;j<CurrentFloor;j++)
 307   3              //for(j=CurrentFloor;j>0;j--)
 308   3              {
 309   4                if(((0x01<<(CurrentFloor-j-1))&PressFloorValue)> 0)
 310   4                {
 311   5                   break; 
 312   5                }
 313   4              }
 314   3                  
 315   3              if(j<CurrentFloor)
 316   3              { 
 317   4                if(DesFloor>0) //如果此时DesFloor不为0 代表设备正在运行中
 318   4                {
 319   5                  if(DesFloor < CurrentFloor-j  )//对于下行来说
 320   5                  {
 321   6                    DesFloor = CurrentFloor-j;  //更新DesFloor
 322   6                  }
 323   5                  
 324   5                }
 325   4                else DesFloor = CurrentFloor-j; 
 326   4                
 327   4              LCD12864_SetWindow(0,0);//调试信息        
 328   4              LCD12864_WriteData(DesFloor+0x30);//第一行显示 调试信息 目的楼层号
 329   4              
 330   4              //GoToFloor(DesFloor);   //拿出去 单独一层一层楼控制
 331   4              }
 332   3              else   //if j==CurrentFloor 的处理分支    
 333   3              {         
 334   4               LiftDirection=0; //电梯停止 
 335   4               DesFloor = 0 ; //目标楼层赋值0         
 336   4              }
 337   3            }     
 338   2            else if ((LiftDirection==1)&&(PressFloorValue>0))  //当前上行状态  DesFloor赋值策略
 339   2            {
 340   3              for(j=0;j<(8-CurrentFloor+1);j++)
 341   3              //for(j=CurrentFloor-1;j>0;j--)
 342   3              {
 343   4                if(((0x01<<(CurrentFloor+j-1))&PressFloorValue)> 0)
 344   4                {
 345   5                   break; 
 346   5                }
 347   4              }
 348   3              
 349   3              if(j<(8-CurrentFloor+1))
 350   3              { 
 351   4                if(DesFloor>0) //如果此时DesFloor不为0 代表设备正在运行中
 352   4                {
 353   5                  if(DesFloor > CurrentFloor+j  )//对于下行来说
 354   5                  {
 355   6                    DesFloor = CurrentFloor+j;  //更新DesFloor
 356   6                  }
 357   5                  
 358   5                }
 359   4                else DesFloor = CurrentFloor+j; 
 360   4                
 361   4              LCD12864_SetWindow(0,0);//调试信息        
C51 COMPILER V9.59.0.0   MAIN                                                              04/11/2021 12:11:52 PAGE 7   

 362   4              LCD12864_WriteData(DesFloor+0x30);//第一行显示 调试信息 目的楼层号
 363   4              
 364   4              }
 365   3              else   //if j==CurrentFloor 的处理分支    
 366   3              {         
 367   4               LiftDirection=0; //电梯停止   
 368   4               DesFloor = 0 ; //目标楼层赋值0         
 369   4              }
 370   3      
 371   3            }     
 372   2            
 373   2            
 374   2            //电梯运行的控制
 375   2            if(DesFloor>0)  
 376   2            {
 377   3              if(DesFloor<CurrentFloor)
 378   3              {
 379   4                GoToFloor(CurrentFloor-1); //一层一层控制
 380   4              }
 381   3              else if(DesFloor>CurrentFloor)
 382   3              {
 383   4                GoToFloor(CurrentFloor+1); //一层一层控制       
 384   4              }
 385   3              else  //到达
 386   3              {         
 387   4                LCD12864_WriteCmd(0x94);  
 388   4                LCD12864_WriteData('=');  //提示电梯停
 389   4                
 390   4                //LiftDirection=0; //电梯停止   
 391   4                DesFloor = 0 ; //目标楼层赋值0 
 392   4      
 393   4                beep=0;   //声光提示
 394   4                led=0;
 395   4                Delay100ms();
 396   4                beep=1;   
 397   4                led=1;      
 398   4                relay=0;  //开门开灯
 399   4                led=0;
 400   4                
 401   4                delay_ms(1000); //开门维持1s时间
 402   4                delay_ms(1000); //开门维持1s时间
 403   4                    
 404   4                relay=1; //关门关灯
 405   4                led=1;        
 406   4              }
 407   3            }
 408   2      
 409   2          //---------------------------------------------
 410   2          
 411   2      
 412   2        
 413   2        }
 414   1        
 415   1      }
*** WARNING C280 IN LINE 217 OF main.c: 'n': unreferenced local variable
 416          


MODULE INFORMATION:   STATIC OVERLAYABLE
   CODE SIZE        =   1236    ----
   CONSTANT SIZE    =     41    ----
   XDATA SIZE       =   ----    ----
C51 COMPILER V9.59.0.0   MAIN                                                              04/11/2021 12:11:52 PAGE 8   

   PDATA SIZE       =   ----    ----
   DATA SIZE        =      5       7
   IDATA SIZE       =   ----    ----
   BIT SIZE         =   ----    ----
END OF MODULE INFORMATION.


C51 COMPILATION COMPLETE.  1 WARNING(S),  0 ERROR(S)
