C51 COMPILER V9.60.7.0   MOTOR                                                             05/18/2023 20:32:05 PAGE 1   


C51 COMPILER V9.60.7.0, COMPILATION OF MODULE MOTOR
OBJECT MODULE PLACED IN ..\OBJ\motor.obj
COMPILER INVOKED BY: C:\Keil_v5\C51\BIN\C51.EXE ..\HARDWARE\motor\motor.c OPTIMIZE(8,SPEED) BROWSE INCDIR(..\USER;..\REA
                    -DME;..\HARDWARE\lcd12864;..\SYSTEM\delay;..\SYSTEM\sys;..\HARDWARE\key;..\HARDWARE\motor;..\HARDWARE\timer) DEBUG OBJECT
                    -EXTEND PRINT(.\motor.lst) TABS(2) OBJECT(..\OBJ\motor.obj)

line level    source

   1          #include "motor.h"
   2          #include "sys.h"
   3          #include "lcd12864.h"
   4          
   5          
   6          #define MotorData P1   
   7          //步进电机控制接口定义
   8          
   9          u8 speed = 15;   //步进电机速度设置,数值越小速度越大，最小设置为15
  10          
  11          //         D C B A
  12          //   7 6 5 4 3 2 1 0    P1口
  13          //   0 0 0 1 0 0 0 0
  14          u8 phasecw[4] ={0x10,0x08,0x04,0x02};//正转 电机导通相序 D-C-B-A
  15          u8 phaseccw[4]={0x02,0x04,0x08,0x10};//反转 电机导通相序 A-B-C-D
  16          
  17          
  18          
  19          
  20          //ms延时函数
  21          void Delay_xms(u16 x)
  22          {
  23   1       u16 i,j;
  24   1       for(i=0;i<x;i++)
  25   1        for(j=0;j<224;j++);
  26   1      }
  27          
  28          
  29          //逆时针转动
  30          void MotorCCW(void)  //参考文章：https://blog.csdn.net/weixin_43915898/article/details/102591966
  31          {
  32   1       u8 i,j;
  33   1        for(j=0;j<8;j++) //电机内齿轮转360度
  34   1        {
  35   2          for(i=0;i<4;i++)//旋转45度
  36   2          {
  37   3           MotorData=phaseccw[i];
  38   3           Delay_xms(speed);//转速调节
  39   3          }
  40   2        }
  41   1       
  42   1      }
  43          
  44          //顺时针转动
  45          void MotorCW(void)   //参考文章：https://blog.csdn.net/weixin_43915898/article/details/102591966
  46          {
  47   1       u8 i,j;
  48   1        
  49   1        for(j=0;j<8;j++)  //电机内齿轮转360度
  50   1        {
  51   2          for(i=0;i<4;i++)  //旋转45度
  52   2          {
  53   3           MotorData=phasecw[i];
C51 COMPILER V9.60.7.0   MOTOR                                                             05/18/2023 20:32:05 PAGE 2   

  54   3           Delay_xms(speed);//转速调节
  55   3          } 
  56   2        }
  57   1       
  58   1      }
  59          
  60          void MotorCWRound(u8 n)  //顺时针转圈
  61          {
  62   1        u8 i,j;
  63   1        
  64   1        //电机转动同时屏幕提示   0x94地址 
  65   1        LCD12864_WriteCmd(0x94);  
  66   1        LCD12864_WriteData('^');  //提示正在上升
  67   1        
  68   1        for(j=0;j<n;j++)
  69   1        {
  70   2          for(i=0;i<64;i++)  //减速比64，码盘顺时针旋转1周
  71   2          {
  72   3           MotorCW();  //顺时针转动
  73   3          }
  74   2        } 
  75   1      }
  76          
  77          void MotorCCWRound(u8 n)  //逆时针转圈
  78          {
  79   1        u8 i,j;
  80   1        
  81   1        //电机转动同时屏幕提示   0x94地址 
  82   1        LCD12864_WriteCmd(0x94);  
  83   1        LCD12864_WriteData('v');  //提示正在下降
  84   1        
  85   1        for(j=0;j<n;j++)
  86   1        {
  87   2          for(i=0;i<64;i++)  //减速比64，码盘逆时针旋转1周
  88   2          {
  89   3           MotorCCW();  //逆时针转动
  90   3          }
  91   2        } 
  92   1      //  LCD12864_WriteCmd(0x94);  
  93   1      //  LCD12864_WriteData('=');  //提示电梯停
  94   1      }
  95          
  96            
  97          
  98          
  99          
 100          //停止转动
 101          void MotorStop(void)
 102          {
 103   1       MotorData=0x00;
 104   1      }


MODULE INFORMATION:   STATIC OVERLAYABLE
   CODE SIZE        =    177    ----
   CONSTANT SIZE    =   ----    ----
   XDATA SIZE       =   ----    ----
   PDATA SIZE       =   ----    ----
   DATA SIZE        =      9       8
   IDATA SIZE       =   ----    ----
   BIT SIZE         =   ----    ----
END OF MODULE INFORMATION.

C51 COMPILER V9.60.7.0   MOTOR                                                             05/18/2023 20:32:05 PAGE 3   


C51 COMPILATION COMPLETE.  0 WARNING(S),  0 ERROR(S)
