C51 COMPILER V9.59.0.0   SYS                                                               04/11/2021 12:11:52 PAGE 1   


C51 COMPILER V9.59.0.0, COMPILATION OF MODULE SYS
OBJECT MODULE PLACED IN ..\OBJ\sys.obj
COMPILER INVOKED BY: C:\Keil_v5\C51\BIN\C51.EXE ..\SYSTEM\sys\sys.c OPTIMIZE(8,SPEED) BROWSE INCDIR(..\USER;..\README;..
                    -\HARDWARE\lcd12864;..\SYSTEM\delay;..\SYSTEM\sys;..\HARDWARE\key;..\HARDWARE\motor;..\HARDWARE\timer) DEBUG OBJECTEXTEND
                    - PRINT(.\sys.lst) TABS(2) OBJECT(..\OBJ\sys.obj)

line level    source

   1          
   2          #include "sys.h"
   3          
   4          /*
   5          24MHz主频下 
   6          在示波器下看
   7          一个语句的时间大概是 0.8us
   8          */
   9          
  10          //2微秒 延时
  11          //此函数是以2us的倍数增加
  12          //t  2us的倍数
  13          void delay2us(u16 us)
  14           {
  15   1        u16 i;
  16   1        u8 m;
  17   1        for(i=0;i<us;i++)
  18   1        for(m=0;m<3;m++);
  19   1       }
  20          
  21          //4微秒 延时
  22          //此函数是以4us的倍数增加
  23          //t  4us的倍数
  24          void delay4us(u16 us)
  25           {
  26   1        u16 i;
  27   1        u8 m;
  28   1        for(i=0;i<us;i++)
  29   1        for(m=0;m<5;m++);
  30   1       }  
  31          
  32          
  33          
  34          //1毫秒 延时
  35          //ms 1ms的倍数
  36          void delay1ms(u16 ms)
  37          {
  38   1       u16 m;
  39   1       for(m=0;m<ms;m++)
  40   1       delay4us(250);
  41   1      } 
  42          
  43          
  44          
  45          void delay_ms(u16 ms)
  46          {
  47   1       u16 m;
  48   1       for(m=0;m<ms;m++)
  49   1       delay4us(250);
  50   1      } 
  51          
  52          //为兼容原程序
  53          void delay_us(u16 us)
C51 COMPILER V9.59.0.0   SYS                                                               04/11/2021 12:11:52 PAGE 2   

  54           {
  55   1        u16 i;
  56   1        u8 m;
  57   1        for(i=0;i<us;i++)
  58   1        for(m=0;m<1;m++);
  59   1       }
  60           
  61          void Delay100ms(void)   //@24.000MHz   
  62          {
  63   1        unsigned char i, j, k;
  64   1      
  65   1        _nop_();
  66   1        _nop_();
  67   1        i = 10;
  68   1        j = 31;
  69   1        k = 147;
  70   1        do
  71   1        {
  72   2          do
  73   2          {
  74   3            while (--k);
  75   3          } while (--j);
  76   2        } while (--i);
  77   1      }


MODULE INFORMATION:   STATIC OVERLAYABLE
   CODE SIZE        =    172    ----
   CONSTANT SIZE    =   ----    ----
   XDATA SIZE       =   ----    ----
   PDATA SIZE       =   ----    ----
   DATA SIZE        =   ----       4
   IDATA SIZE       =   ----    ----
   BIT SIZE         =   ----    ----
END OF MODULE INFORMATION.


C51 COMPILATION COMPLETE.  0 WARNING(S),  0 ERROR(S)
