C51 COMPILER V9.60.7.0   TIMER                                                             05/18/2023 20:32:05 PAGE 1   


C51 COMPILER V9.60.7.0, COMPILATION OF MODULE TIMER
OBJECT MODULE PLACED IN ..\OBJ\timer.obj
COMPILER INVOKED BY: C:\Keil_v5\C51\BIN\C51.EXE ..\HARDWARE\timer\timer.c OPTIMIZE(8,SPEED) BROWSE INCDIR(..\USER;..\REA
                    -DME;..\HARDWARE\lcd12864;..\SYSTEM\delay;..\SYSTEM\sys;..\HARDWARE\key;..\HARDWARE\motor;..\HARDWARE\timer) DEBUG OBJECT
                    -EXTEND PRINT(.\timer.lst) TABS(2) OBJECT(..\OBJ\timer.obj)

line level    source

   1          #include "sys.h"
   2          #include "timer.h"
   3          
   4          u16 TimerCount = 0;
   5          u8 GoTo5FloorFlag = 0; //电梯是否空闲去5楼标志位
   6          
   7          void Timer0Init(void)   //20毫秒@24.000MHz
   8          {
   9   1      //  AUXR &= 0x7F;   //定时器时钟12T模式
  10   1      //  TMOD &= 0xF0;   //设置定时器模式
  11   1      //  TL0 = 0xC0;   //设置定时初值
  12   1      //  TH0 = 0x63;   //设置定时初值
  13   1      //  TF0 = 0;    //清除TF0标志
  14   1      //  TR0 = 1;    //定时器0开始计时
  15   1      //  
  16   1      //  ET0 =1;      //使能定时器中断
  17   1      //  EA  =1;      //开总中断
  18   1        
  19   1      }
  20          
  21          void tm0() interrupt 1 using 1
  22          {
  23   1        TimerCount ++ ;
  24   1        
  25   1        if(TimerCount>1000) //定时超过3s  !!!!!测试20s
  26   1        {
  27   2          
  28   2          GoTo5FloorFlag = 1;
  29   2          TimerCount = 0;
  30   2        
  31   2        }
  32   1       
  33   1      
  34   1            
  35   1      }


MODULE INFORMATION:   STATIC OVERLAYABLE
   CODE SIZE        =     36    ----
   CONSTANT SIZE    =   ----    ----
   XDATA SIZE       =   ----    ----
   PDATA SIZE       =   ----    ----
   DATA SIZE        =      3    ----
   IDATA SIZE       =   ----    ----
   BIT SIZE         =   ----    ----
END OF MODULE INFORMATION.


C51 COMPILATION COMPLETE.  0 WARNING(S),  0 ERROR(S)
