C51 COMPILER V9.54   MAIN                                                                  05/12/2023 22:21:33 PAGE 1   


C51 COMPILER V9.54, COMPILATION OF MODULE MAIN
OBJECT MODULE PLACED IN ..\OBJ\main.obj
COMPILER INVOKED BY: D:\keil5\C51\BIN\C51.EXE main.c OPTIMIZE(8,SPEED) BROWSE DEBUG OBJECTEXTEND TABS(2) OBJECT(..\OBJ\m
                    -ain.obj)

line level    source

   1                                       
   2          #include "stc15f2k60s2.h"
*** WARNING C318 IN LINE 2 OF main.c: can't open file 'stc15f2k60s2.h'
   3          
   4          
   5          /* 
   6          蜂鸣器实验
   7          
   8          详见README文件
   9          */
  10          
  11          
  12          
  13          sbit BEEP_IO=P5^5;
*** ERROR C202 IN LINE 13 OF main.c: 'P5': undefined identifier
  14          
  15          //针对 STC15W4K56S4 系列 IO口初始化
  16          //io口初始化 P0 P1 P2 P3 P4 为准双向IO口   
  17          void IO_init(void)
  18          {
  19   1        P0M0 = 0X00;  P0M1 = 0X00;
*** ERROR C202 IN LINE 19 OF main.c: 'P0M0': undefined identifier
*** ERROR C202 IN LINE 19 OF main.c: 'P0M1': undefined identifier
  20   1      
  21   1        P1M0 = 0X00;  P1M1 = 0X00;
*** ERROR C202 IN LINE 21 OF main.c: 'P1M0': undefined identifier
*** ERROR C202 IN LINE 21 OF main.c: 'P1M1': undefined identifier
  22   1      
  23   1        P2M0 = 0X00;  P2M1 = 0X00;
*** ERROR C202 IN LINE 23 OF main.c: 'P2M0': undefined identifier
*** ERROR C202 IN LINE 23 OF main.c: 'P2M1': undefined identifier
  24   1      
  25   1        P3M0 = 0X00;  P3M1 = 0X00;
*** ERROR C202 IN LINE 25 OF main.c: 'P3M0': undefined identifier
*** ERROR C202 IN LINE 25 OF main.c: 'P3M1': undefined identifier
  26   1      
  27   1        P4M0 = 0X00;  P4M1 = 0X00;  
*** ERROR C202 IN LINE 27 OF main.c: 'P4M0': undefined identifier
*** ERROR C202 IN LINE 27 OF main.c: 'P4M1': undefined identifier
  28   1        
  29   1        P5M0 = 0X00;  P5M1 = 0X00;  
*** ERROR C202 IN LINE 29 OF main.c: 'P5M0': undefined identifier
*** ERROR C202 IN LINE 29 OF main.c: 'P5M1': undefined identifier
  30   1        
  31   1        P6M0 = 0X00;  P6M1 = 0X00;  
*** ERROR C202 IN LINE 31 OF main.c: 'P6M0': undefined identifier
*** ERROR C202 IN LINE 31 OF main.c: 'P6M1': undefined identifier
  32   1        
  33   1        P7M0 = 0X00;  P7M1 = 0X00;  
*** ERROR C202 IN LINE 33 OF main.c: 'P7M0': undefined identifier
*** ERROR C202 IN LINE 33 OF main.c: 'P7M1': undefined identifier
  34   1      }
  35          
  36          
C51 COMPILER V9.54   MAIN                                                                  05/12/2023 22:21:33 PAGE 2   

  37          
  38          void delay(unsigned int m)      //延时函数
  39               {
  40   1          int  a, b;
  41   1      
  42   1         for(a=0;a<5000;a++)
  43   1         for(b=0;b<m;b++);
  44   1           
  45   1         }
  46          
  47          main()
  48          {
  49   1        
  50   1        IO_init();           //针对 STC15W4K56S4 IO口初始化
  51   1        
  52   1        //设置STC 单片机的P55 为推挽输出
  53   1        P5M1 &= ~(1<<5),P5M0 |=  (1<<5); 
*** ERROR C202 IN LINE 53 OF main.c: 'P5M1': undefined identifier
  54   1        
  55   1        while(1)
  56   1        {   
  57   2            
  58   2          BEEP_IO=~BEEP_IO;   //
*** ERROR C202 IN LINE 58 OF main.c: 'BEEP_IO': undefined identifier
  59   2            
  60   2          delay(200);   
  61   2      
  62   2      
  63   2      
  64   2        }
  65   1      }
  66          

C51 COMPILATION COMPLETE.  1 WARNING(S),  19 ERROR(S)
